-------------------------------------------------------------------------------
Test set: com.rag.backend.RagChatServiceTest
-------------------------------------------------------------------------------
Tests run: 2, Failures: 2, Errors: 0, Skipped: 0, Time elapsed: 0.048 s <<< FAILURE! -- in com.rag.backend.RagChatServiceTest
com.rag.backend.RagChatServiceTest.answerQuestion_whenNoChunks_returnsEmptyCitations_stillCallsLLM -- Time elapsed: 0.032 s <<< FAILURE!
java.lang.AssertionError: 

Expecting actual:
  "I couldn't retrieve any embedded context from your repo. This usually means chunks haven't been embedded yet. Run POST /api/reindex or re-run indexing (which now embeds), then try again.

Diagnostic: Total chunks: 0, With embeddings: 0, Missing embeddings: 0"
to contain:
  "don't have enough context"
 (ignoring case)
	at com.rag.backend.RagChatServiceTest.answerQuestion_whenNoChunks_returnsEmptyCitations_stillCallsLLM(RagChatServiceTest.java:96)
	at java.base/java.lang.reflect.Method.invoke(Method.java:580)
	at java.base/java.util.ArrayList.forEach(ArrayList.java:1596)
	at java.base/java.util.ArrayList.forEach(ArrayList.java:1596)

com.rag.backend.RagChatServiceTest.answerQuestion_embeds_retrieves_buildsPrompt_callsLLM_returnsAnswerAndCitations -- Time elapsed: 0.015 s <<< FAILURE!
java.lang.AssertionError: 

Expected size: 2 but was: 0 in:
[]
	at com.rag.backend.RagChatServiceTest.answerQuestion_embeds_retrieves_buildsPrompt_callsLLM_returnsAnswerAndCitations(RagChatServiceTest.java:48)
	at java.base/java.lang.reflect.Method.invoke(Method.java:580)
	at java.base/java.util.ArrayList.forEach(ArrayList.java:1596)
	at java.base/java.util.ArrayList.forEach(ArrayList.java:1596)

