<?xml version="1.0" encoding="UTF-8"?>
<testsuite xmlns:xsi="http://www.w3.org/2001/XMLSchema-instance" xsi:noNamespaceSchemaLocation="https://maven.apache.org/surefire/maven-failsafe-plugin/xsd/failsafe-test-report-3.0.xsd" version="3.0" name="com.rag.backend.RetrieveEndpointIT" time="6.663" tests="1" errors="0" skipped="0" failures="0">
  <properties>
[...]
</properties>
  <testcase name="retrieve_returnsTopMatches" classname="com.rag.backend.RetrieveEndpointIT" time="0.124">
    <system-out><![CDATA[2026-01-20T07:37:04.849Z  INFO 171 --- [           main] t.c.s.AnnotationConfigContextLoaderUtils : Could not detect default configuration classes for test class [com.rag.backend.RetrieveEndpointIT]: RetrieveEndpointIT does not declare any static, non-private, non-final, nested classes annotated with @Configuration.
2026-01-20T07:37:04.855Z  INFO 171 --- [           main] .b.t.c.SpringBootTestContextBootstrapper : Found @SpringBootConfiguration com.rag.backend.BackendApplication for test class com.rag.backend.RetrieveEndpointIT

  .   ____          _            __ _ _
 /\\ / ___'_ __ _ _(_)_ __  __ _ \ \ \ \
( ( )\___ | '_ | '_| | '_ \/ _` | \ \ \ \
 \\/  ___)| |_)| | | | | || (_| |  ) ) ) )
  '  |____| .__|_| |_|_| |_\__, | / / / /
 =========|_|==============|___/=/_/_/_/
 :: Spring Boot ::                (v3.2.0)

2026-01-20T07:37:04.975Z  INFO 171 --- [           main] com.rag.backend.RetrieveEndpointIT       : Starting RetrieveEndpointIT using Java 21.0.9 with PID 171 (started by root in /app)
2026-01-20T07:37:04.975Z  INFO 171 --- [           main] com.rag.backend.RetrieveEndpointIT       : The following 1 profile is active: "test"
2026-01-20T07:37:06.320Z  INFO 171 --- [           main] .s.d.r.c.RepositoryConfigurationDelegate : Bootstrapping Spring Data JPA repositories in DEFAULT mode.
2026-01-20T07:37:06.653Z  INFO 171 --- [           main] .s.d.r.c.RepositoryConfigurationDelegate : Finished Spring Data repository scanning in 332 ms. Found 3 JPA repository interfaces.
2026-01-20T07:37:07.084Z  INFO 171 --- [           main] o.s.b.w.embedded.tomcat.TomcatWebServer  : Tomcat initialized with port 0 (http)
2026-01-20T07:37:07.086Z  INFO 171 --- [           main] o.apache.catalina.core.StandardService   : Starting service [Tomcat]
2026-01-20T07:37:07.086Z  INFO 171 --- [           main] o.apache.catalina.core.StandardEngine    : Starting Servlet engine: [Apache Tomcat/10.1.16]
2026-01-20T07:37:07.179Z  INFO 171 --- [           main] o.a.c.c.C.[Tomcat-4].[localhost].[/]     : Initializing Spring embedded WebApplicationContext
2026-01-20T07:37:07.179Z  INFO 171 --- [           main] w.s.c.ServletWebServerApplicationContext : Root WebApplicationContext: initialization completed in 2197 ms
2026-01-20T07:37:07.980Z  INFO 171 --- [           main] com.zaxxer.hikari.HikariDataSource       : HikariPool-6 - Starting...
2026-01-20T07:37:08.003Z  INFO 171 --- [           main] com.zaxxer.hikari.pool.HikariPool        : HikariPool-6 - Added connection org.postgresql.jdbc.PgConnection@cdb0574
2026-01-20T07:37:08.004Z  INFO 171 --- [           main] com.zaxxer.hikari.HikariDataSource       : HikariPool-6 - Start completed.
2026-01-20T07:37:08.076Z  INFO 171 --- [           main] org.flywaydb.core.FlywayExecutor         : Database: jdbc:postgresql://postgres:5432/ragdb (PostgreSQL 16.11)
2026-01-20T07:37:08.085Z  WARN 171 --- [           main] o.f.c.internal.database.base.Database    : Flyway upgrade recommended: PostgreSQL 16.11 is newer than this version of Flyway and support has not been tested. The latest supported version of PostgreSQL is 15.
2026-01-20T07:37:08.174Z  INFO 171 --- [           main] o.f.core.internal.command.DbValidate     : Successfully validated 1 migration (execution time 00:00.085s)
2026-01-20T07:37:08.197Z  INFO 171 --- [           main] o.f.core.internal.command.DbMigrate      : Current version of schema "public": 1
2026-01-20T07:37:08.198Z  INFO 171 --- [           main] o.f.core.internal.command.DbMigrate      : Schema "public" is up to date. No migration necessary.
2026-01-20T07:37:08.752Z  INFO 171 --- [           main] o.hibernate.jpa.internal.util.LogHelper  : HHH000204: Processing PersistenceUnitInfo [name: default]
2026-01-20T07:37:08.957Z  INFO 171 --- [           main] o.h.c.internal.RegionFactoryInitiator    : HHH000026: Second-level cache disabled
2026-01-20T07:37:09.179Z  INFO 171 --- [           main] o.s.o.j.p.SpringPersistenceUnitInfo      : No LoadTimeWeaver setup: ignoring JPA class transformer
2026-01-20T07:37:09.201Z  WARN 171 --- [           main] org.hibernate.orm.deprecation            : HHH90000025: PostgreSQLDialect does not need to be specified explicitly using 'hibernate.dialect' (remove the property setting and it will be selected by default)
2026-01-20T07:37:09.557Z  INFO 171 --- [           main] o.h.e.t.j.p.i.JtaPlatformInitiator       : HHH000489: No JTA platform available (set 'hibernate.transaction.jta.platform' to enable JTA platform integration)
2026-01-20T07:37:09.568Z  INFO 171 --- [           main] j.LocalContainerEntityManagerFactoryBean : Initialized JPA EntityManagerFactory for persistence unit 'default'
2026-01-20T07:37:10.221Z  WARN 171 --- [           main] JpaBaseConfiguration$JpaWebConfiguration : spring.jpa.open-in-view is enabled by default. Therefore, database queries may be performed during view rendering. Explicitly configure spring.jpa.open-in-view to disable this warning
2026-01-20T07:37:11.294Z  INFO 171 --- [           main] o.s.b.a.e.web.EndpointLinksResolver      : Exposing 1 endpoint(s) beneath base path '/actuator'
2026-01-20T07:37:11.345Z  INFO 171 --- [           main] o.s.b.w.embedded.tomcat.TomcatWebServer  : Tomcat started on port 44195 (http) with context path ''
2026-01-20T07:37:11.347Z  INFO 171 --- [           main] com.rag.backend.RetrieveEndpointIT       : Started RetrieveEndpointIT in 6.478 seconds (process running for 75.624)
2026-01-20T07:37:11.431Z  INFO 171 --- [o-auto-5-exec-1] o.a.c.c.C.[Tomcat-4].[localhost].[/]     : Initializing Spring DispatcherServlet 'dispatcherServlet'
2026-01-20T07:37:11.431Z  INFO 171 --- [o-auto-5-exec-1] o.s.web.servlet.DispatcherServlet        : Initializing Servlet 'dispatcherServlet'
2026-01-20T07:37:11.431Z  INFO 171 --- [o-auto-5-exec-1] o.s.web.servlet.DispatcherServlet        : Completed initialization in 0 ms
]]></system-out>
  </testcase>
</testsuite>