<?xml version="1.0" encoding="UTF-8"?>
<testsuite xmlns:xsi="http://www.w3.org/2001/XMLSchema-instance" xsi:noNamespaceSchemaLocation="https://maven.apache.org/surefire/maven-failsafe-plugin/xsd/failsafe-test-report-3.0.xsd" version="3.0" name="com.rag.backend.VectorSearchIT" time="5.934" tests="1" errors="0" skipped="0" failures="0">
  <properties>
[...]
</properties>
  <testcase name="searchSimilar_returnsClosestFirst" classname="com.rag.backend.VectorSearchIT" time="0.276">
    <system-out><![CDATA[2026-01-21T01:35:22.068Z  INFO 220 --- [           main] t.c.s.AnnotationConfigContextLoaderUtils : Could not detect default configuration classes for test class [com.rag.backend.VectorSearchIT]: VectorSearchIT does not declare any static, non-private, non-final, nested classes annotated with @Configuration.
2026-01-21T01:35:22.072Z  INFO 220 --- [           main] .b.t.c.SpringBootTestContextBootstrapper : Found @SpringBootConfiguration com.rag.backend.BackendApplication for test class com.rag.backend.VectorSearchIT

  .   ____          _            __ _ _
 /\\ / ___'_ __ _ _(_)_ __  __ _ \ \ \ \
( ( )\___ | '_ | '_| | '_ \/ _` | \ \ \ \
 \\/  ___)| |_)| | | | | || (_| |  ) ) ) )
  '  |____| .__|_| |_|_| |_\__, | / / / /
 =========|_|==============|___/=/_/_/_/
 :: Spring Boot ::                (v3.2.0)

2026-01-21T01:35:22.162Z  INFO 220 --- [           main] com.rag.backend.VectorSearchIT           : Starting VectorSearchIT using Java 21.0.9 with PID 220 (started by root in /app)
2026-01-21T01:35:22.162Z  INFO 220 --- [           main] com.rag.backend.VectorSearchIT           : The following 1 profile is active: "test"
2026-01-21T01:35:23.498Z  INFO 220 --- [           main] .s.d.r.c.RepositoryConfigurationDelegate : Bootstrapping Spring Data JPA repositories in DEFAULT mode.
2026-01-21T01:35:23.687Z  INFO 220 --- [           main] .s.d.r.c.RepositoryConfigurationDelegate : Finished Spring Data repository scanning in 189 ms. Found 3 JPA repository interfaces.
2026-01-21T01:35:23.987Z  INFO 220 --- [           main] com.zaxxer.hikari.HikariDataSource       : HikariPool-7 - Starting...
2026-01-21T01:35:24.001Z  INFO 220 --- [           main] com.zaxxer.hikari.pool.HikariPool        : HikariPool-7 - Added connection org.postgresql.jdbc.PgConnection@3fa3b360
2026-01-21T01:35:24.002Z  INFO 220 --- [           main] com.zaxxer.hikari.HikariDataSource       : HikariPool-7 - Start completed.
2026-01-21T01:35:24.053Z  INFO 220 --- [           main] org.flywaydb.core.FlywayExecutor         : Database: jdbc:postgresql://postgres:5432/ragdb (PostgreSQL 16.11)
2026-01-21T01:35:24.057Z  WARN 220 --- [           main] o.f.c.internal.database.base.Database    : Flyway upgrade recommended: PostgreSQL 16.11 is newer than this version of Flyway and support has not been tested. The latest supported version of PostgreSQL is 15.
2026-01-21T01:35:24.097Z  INFO 220 --- [           main] o.f.core.internal.command.DbValidate     : Successfully validated 1 migration (execution time 00:00.037s)
2026-01-21T01:35:24.133Z  INFO 220 --- [           main] o.f.core.internal.command.DbMigrate      : Current version of schema "public": 1
2026-01-21T01:35:24.135Z  INFO 220 --- [           main] o.f.core.internal.command.DbMigrate      : Schema "public" is up to date. No migration necessary.
2026-01-21T01:35:24.593Z  INFO 220 --- [           main] o.hibernate.jpa.internal.util.LogHelper  : HHH000204: Processing PersistenceUnitInfo [name: default]
2026-01-21T01:35:24.641Z  INFO 220 --- [           main] o.h.c.internal.RegionFactoryInitiator    : HHH000026: Second-level cache disabled
2026-01-21T01:35:24.740Z  INFO 220 --- [           main] o.s.o.j.p.SpringPersistenceUnitInfo      : No LoadTimeWeaver setup: ignoring JPA class transformer
2026-01-21T01:35:24.782Z  WARN 220 --- [           main] org.hibernate.orm.deprecation            : HHH90000025: PostgreSQLDialect does not need to be specified explicitly using 'hibernate.dialect' (remove the property setting and it will be selected by default)
2026-01-21T01:35:25.177Z  INFO 220 --- [           main] o.h.e.t.j.p.i.JtaPlatformInitiator       : HHH000489: No JTA platform available (set 'hibernate.transaction.jta.platform' to enable JTA platform integration)
2026-01-21T01:35:25.230Z  INFO 220 --- [           main] j.LocalContainerEntityManagerFactoryBean : Initialized JPA EntityManagerFactory for persistence unit 'default'
2026-01-21T01:35:26.083Z  WARN 220 --- [           main] JpaBaseConfiguration$JpaWebConfiguration : spring.jpa.open-in-view is enabled by default. Therefore, database queries may be performed during view rendering. Explicitly configure spring.jpa.open-in-view to disable this warning
2026-01-21T01:35:27.582Z  INFO 220 --- [           main] o.s.b.a.e.web.EndpointLinksResolver      : Exposing 1 endpoint(s) beneath base path '/actuator'
2026-01-21T01:35:27.697Z  INFO 220 --- [           main] com.rag.backend.VectorSearchIT           : Started VectorSearchIT in 5.616 seconds (process running for 79.586)
]]></system-out>
  </testcase>
</testsuite>